{
  "RSpec": {
    "coverage": {
      "/Users/jacobcain/Desktop/book_app/spec/features/user_can_add_book_to_bookshelf_spec.rb": [
        1,
        null,
        1,
        4,
        3,
        null,
        1,
        1,
        1,
        1,
        null,
        null,
        1,
        1,
        1,
        1,
        0,
        0,
        0,
        0,
        0,
        null,
        null,
        1,
        1,
        1,
        1,
        0,
        0,
        null,
        null,
        1,
        1,
        1,
        1,
        0,
        null,
        null,
        1,
        3,
        3,
        3,
        3,
        null,
        null
      ],
      "/Users/jacobcain/Desktop/book_app/spec/features/user_can_see_homepage_spec.rb": [
        1,
        null,
        1,
        null,
        1,
        1,
        1,
        null,
        null,
        1,
        1,
        1,
        1,
        1,
        null,
        null,
        1,
        1,
        1,
        1,
        1,
        null,
        null,
        null
      ],
      "/Users/jacobcain/Desktop/book_app/spec/models/author_spec.rb": [
        1,
        null,
        1,
        2,
        2,
        null
      ],
      "/Users/jacobcain/Desktop/book_app/app/models/author.rb": [
        1,
        1,
        1,
        null,
        1,
        1,
        null
      ],
      "/Users/jacobcain/Desktop/book_app/spec/models/book_spec.rb": [
        1,
        null,
        1,
        2,
        2,
        2,
        null
      ],
      "/Users/jacobcain/Desktop/book_app/app/models/book.rb": [
        1,
        1,
        1,
        null,
        1,
        1,
        1,
        null
      ],
      "/Users/jacobcain/Desktop/book_app/spec/models/user_spec.rb": [
        1,
        null,
        1,
        2,
        2,
        null,
        null
      ],
      "/Users/jacobcain/Desktop/book_app/app/models/user.rb": [
        1,
        1,
        1,
        1,
        1,
        null,
        null,
        1,
        1,
        null,
        null,
        null,
        null,
        1,
        null,
        null,
        null,
        null,
        1,
        null,
        null,
        null,
        null,
        null,
        1,
        null,
        null,
        null,
        null,
        null,
        null,
        1,
        null,
        null,
        null,
        null,
        1,
        8,
        null,
        null,
        null,
        1,
        86,
        null,
        null,
        1,
        null,
        null,
        1,
        4,
        null,
        null,
        null,
        1,
        8,
        null,
        null,
        null
      ],
      "/Users/jacobcain/Desktop/book_app/app/controllers/welcome_controller.rb": [
        1,
        1,
        null,
        null
      ],
      "/Users/jacobcain/Desktop/book_app/app/controllers/application_controller.rb": [
        1,
        null,
        null,
        1,
        1,
        null
      ],
      "/Users/jacobcain/Desktop/book_app/app/controllers/books_controller.rb": [
        1,
        1,
        2,
        2,
        null,
        null,
        1,
        0,
        0,
        0,
        0,
        null,
        null,
        1,
        0,
        null,
        null,
        1,
        0,
        0,
        0,
        null,
        null,
        1,
        0,
        0,
        0,
        null,
        null,
        1,
        1,
        1,
        1,
        null,
        null,
        1,
        2,
        2,
        2,
        null,
        0,
        null,
        2,
        0,
        null,
        2,
        null,
        2,
        null,
        null,
        1,
        0,
        null,
        null,
        1,
        null,
        1,
        1,
        1,
        1,
        null,
        null,
        1,
        2,
        2,
        2,
        null,
        null,
        1,
        0,
        0,
        null,
        null,
        1,
        0,
        null,
        null
      ],
      "/Users/jacobcain/Desktop/book_app/app/controllers/authors_controller.rb": [
        1,
        1,
        0,
        0,
        null,
        null,
        1,
        0,
        0,
        0,
        0,
        null,
        null,
        1,
        0,
        0,
        0,
        null,
        null,
        1,
        1,
        null,
        null,
        1,
        2,
        null,
        2,
        0,
        null,
        2,
        null,
        2,
        2,
        null,
        null,
        1,
        0,
        null,
        null,
        1,
        null,
        1,
        1,
        1,
        1,
        1,
        null,
        null,
        1,
        2,
        2,
        2,
        null,
        null,
        1,
        0,
        0,
        0,
        null,
        null,
        1,
        0,
        null,
        null,
        null
      ],
      "/Users/jacobcain/Desktop/book_app/app/controllers/sessions_controller.rb": [
        1,
        1,
        null,
        null,
        1,
        null,
        4,
        null,
        null,
        4,
        4,
        4,
        null,
        0,
        0,
        null,
        null,
        null,
        1,
        0,
        0,
        null,
        null
      ],
      "/Users/jacobcain/Desktop/book_app/app/models/bsave.rb": [
        1,
        1,
        1,
        null
      ]
    },
    "timestamp": 1401408405
  }
}
